gpc_with_impedence_and_phase_shift_measures.png
Best GPC parameters found:  {'kernel': 1**2 * RBF(length_scale=0.01)}
Best GPC cross-validation accuracy:  0.9910101010101011
Accuracy: 0.7083333333333334
Classification report:
               precision    recall  f1-score   support

           0       0.71      1.00      0.83        68
           1       0.00      0.00      0.00        28

    accuracy                           0.71        96
   macro avg       0.35      0.50      0.41        96
weighted avg       0.50      0.71      0.59        96

mlp_with_impedence_and_phase_shift_measures.png
Best MLP parameters found:  {'activation': 'tanh', 'alpha': 0.0001, 'hidden_layer_sizes': (50, 50), 'learning_rate': 'constant', 'solver': 'sgd'}
Best MLP cross-validation accuracy:  1.0
Accuracy: 0.5833333333333334
Classification Report:
               precision    recall  f1-score   support

           0       0.82      0.54      0.65        69
           1       0.37      0.70      0.49        27

    accuracy                           0.58        96
   macro avg       0.60      0.62      0.57        96
weighted avg       0.70      0.58      0.60        96




gpc_with_instrumental_data.png
Best GPC parameters found:  {'kernel': 1**2 * RBF(length_scale=0.01)}
Best GPC cross-validation accuracy:  0.7803030303030303
Accuracy: 0.6875
Classification report:
               precision    recall  f1-score   support

           0       0.81      0.74      0.77        68
           1       0.47      0.57      0.52        28

    accuracy                           0.69        96
   macro avg       0.64      0.65      0.64        96
weighted avg       0.71      0.69      0.70        96

mlp_with_instrumental_data.png
Best MLP parameters found:  {'activation': 'relu', 'alpha': 0.0001, 'hidden_layer_sizes': (100,), 'learning_rate': 'constant', 'solver': 'sgd'}
Best MLP cross-validation accuracy:  0.775959595959596
Accuracy: 0.7604166666666666
Classification Report:
               precision    recall  f1-score   support

           0       0.76      0.97      0.85        69
           1       0.75      0.22      0.34        27

    accuracy                           0.76        96
   macro avg       0.76      0.60      0.60        96
weighted avg       0.76      0.76      0.71        96




gpc_with_all_features.png
Best GPC parameters found:  {'kernel': 1**2 * RBF(length_scale=0.01)}
Best GPC cross-validation accuracy:  0.9865656565656566
Accuracy: 0.5104166666666666
Classification report:
               precision    recall  f1-score   support

           0       0.74      0.47      0.58        68
           1       0.32      0.61      0.42        28

    accuracy                           0.51        96
   macro avg       0.53      0.54      0.50        96
weighted avg       0.62      0.51      0.53        96

mlp_with_all_features.png
Best MLP parameters found:  {'activation': 'tanh', 'alpha': 0.0001, 'hidden_layer_sizes': (50, 50), 'learning_rate': 'constant', 'solver': 'sgd'}
Best MLP cross-validation accuracy:  1.0
Accuracy: 0.53125
Classification Report:
               precision    recall  f1-score   support

           0       0.72      0.57      0.63        69
           1       0.29      0.44      0.35        27

    accuracy                           0.53        96
   macro avg       0.50      0.50      0.49        96
weighted avg       0.60      0.53      0.55        96




